\BOOKMARK [1][-]{section.1}{连续性方程}{}% 1
\BOOKMARK [1][-]{section.2}{欧拉方程}{}% 2
\BOOKMARK [1][-]{section.3}{能量通量}{}% 3
\BOOKMARK [1][-]{section.4}{动量通量}{}% 4
\BOOKMARK [1][-]{section.5}{流体静力学}{}% 5
\BOOKMARK [1][-]{section.6}{伯努利方程}{}% 6
\BOOKMARK [1][-]{section.7}{速度环量守恒}{}% 7
\BOOKMARK [1][-]{section.8}{势流}{}% 8
\BOOKMARK [1][-]{section.9}{不可压缩流体}{}% 9
\BOOKMARK [1][-]{section.10}{重力波}{}% 10
\BOOKMARK [1][-]{section.11}{The\040Governing\040Equations\040of\040Fluid\040Mechanics}{}% 11
\BOOKMARK [2][-]{subsection.11.1}{Elementary\040Concepts}{section.11}% 12
\BOOKMARK [2][-]{subsection.11.2}{The\040Navier-Stokes\040equation}{section.11}% 13
\BOOKMARK [2][-]{subsection.11.3}{Vorticity,\040Angular\040Momentum}{section.11}% 14
\BOOKMARK [2][-]{subsection.11.4}{Advection\040and\040Diffusion\040of\040Vorticity}{section.11}% 15
\BOOKMARK [2][-]{subsection.11.5}{Kelvin's\040Theorem,\040Helmholtz's\040Laws\040and\040Helicity}{section.11}% 16
\BOOKMARK [2][-]{subsection.11.6}{The\040Prandtl-Batchelor\040Theorem}{section.11}% 17
\BOOKMARK [2][-]{subsection.11.7}{Boundary\040Layers,\040Reynolds\040Stresses\040and\040Turbulence\040Models}{section.11}% 18
\BOOKMARK [3][-]{subsubsection.11.7.1}{The\040-effect}{subsection.11.7}% 19
\BOOKMARK [2][-]{subsection.11.8}{Ekman\040Pumping\040in\040Rotating\040Flows}{section.11}% 20
