\BOOKMARK [1][-]{section.1}{分布与系统的微观态  最可几分布}{}% 1
\BOOKMARK [2][-]{subsection.1.1}{近独立子系}{section.1}% 2
\BOOKMARK [2][-]{subsection.1.2}{粒子按能级的分布\173a\175}{section.1}% 3
\BOOKMARK [2][-]{subsection.1.3}{分布\173a\175对应的系统微观状态数W\(\173a\175\)}{section.1}% 4
\BOOKMARK [2][-]{subsection.1.4}{最可几分布法}{section.1}% 5
\BOOKMARK [1][-]{section.2}{定域子系  麦克斯韦-玻尔兹曼分布}{}% 6
\BOOKMARK [1][-]{section.3}{二能级系统}{}% 7
\BOOKMARK [1][-]{section.4}{定域子系热力学量的统计表达式  熵的统计解释}{}% 8
\BOOKMARK [1][-]{section.5}{热辐射的普朗克理论}{}% 9
\BOOKMARK [1][-]{section.6}{固体热容的统计理论}{}% 10
\BOOKMARK [1][-]{section.7}{定域子系的经典极限条件}{}% 11
\BOOKMARK [1][-]{section.8}{负绝对温度}{}% 12
\BOOKMARK [1][-]{section.9}{非定域子系  费米-狄拉克分布  玻色-爱因斯坦分布}{}% 13
\BOOKMARK [2][-]{subsection.9.1}{非定域子系与定域子系的不同}{section.9}% 14
\BOOKMARK [2][-]{subsection.9.2}{非定域全同费米子和全同玻色子}{section.9}% 15
\BOOKMARK [2][-]{subsection.9.3}{求最可几分布}{section.9}% 16
\BOOKMARK [3][-]{subsubsection.9.3.1}{费米子情形}{subsection.9.3}% 17
\BOOKMARK [3][-]{subsubsection.9.3.2}{玻色子情形}{subsection.9.3}% 18
\BOOKMARK [1][-]{section.10}{理想玻色气体和理想费米气体热力学量的统计表达式}{}% 19
\BOOKMARK [1][-]{section.11}{非简并条件  经典极限条件}{}% 20
\BOOKMARK [1][-]{section.12}{麦克斯韦速度分布律}{}% 21
\BOOKMARK [1][-]{section.13}{能量均分定理}{}% 22
\BOOKMARK [1][-]{section.14}{非简并理想气体的热力学函数与热容}{}% 23
\BOOKMARK [1][-]{section.15}{弱简并理想气体的物态方程与内能  统计关联}{}% 24
\BOOKMARK [2][-]{subsection.15.1}{弱简并理想玻色气体}{section.15}% 25
\BOOKMARK [2][-]{subsection.15.2}{弱简并理想费米气体}{section.15}% 26
\BOOKMARK [2][-]{subsection.15.3}{统计关联}{section.15}% 27
\BOOKMARK [1][-]{section.16}{理想玻色气体的玻色-爱因斯坦凝聚}{}% 28
\BOOKMARK [1][-]{section.17}{光子气体}{}% 29
\BOOKMARK [1][-]{section.18}{强简并理想费米气体}{}% 30
\BOOKMARK [1][-]{section.19}{元激发\(或准粒子\)理想气体}{}% 31
