\BOOKMARK [1][-]{section.1}{离散型随机变量}{}% 1
\BOOKMARK [2][-]{subsection.1.1}{\(0-1\)分布}{section.1}% 2
\BOOKMARK [2][-]{subsection.1.2}{二项分布}{section.1}% 3
\BOOKMARK [2][-]{subsection.1.3}{泊松分布}{section.1}% 4
\BOOKMARK [3][-]{subsubsection.1.3.1}{Relation\040to\040Binomial\040Distribution}{subsection.1.3}% 5
\BOOKMARK [3][-]{subsubsection.1.3.2}{Poisson\040Processes}{subsection.1.3}% 6
\BOOKMARK [1][-]{section.2}{连续型随机变量}{}% 7
\BOOKMARK [2][-]{subsection.2.1}{Nonuniqueness\040of\040the\040p.d.f.}{section.2}% 8
\BOOKMARK [2][-]{subsection.2.2}{均匀分布}{section.2}% 9
\BOOKMARK [2][-]{subsection.2.3}{指数分布}{section.2}% 10
\BOOKMARK [2][-]{subsection.2.4}{正态分布}{section.2}% 11
\BOOKMARK [3][-]{subsubsection.2.4.1}{Limits\040of\040Poisson\040and\040Binomial\040Distributions}{subsection.2.4}% 12
\BOOKMARK [1][-]{section.3}{The\040Cumulative\040Distribution\040Function}{}% 13
\BOOKMARK [2][-]{subsection.3.1}{The\040Quantile\040Function}{section.3}% 14
\BOOKMARK [1][-]{section.4}{多维随机变量}{}% 15
\BOOKMARK [2][-]{subsection.4.1}{边缘分布}{section.4}% 16
\BOOKMARK [2][-]{subsection.4.2}{条件分布}{section.4}% 17
\BOOKMARK [2][-]{subsection.4.3}{相互独立的随机变量}{section.4}% 18
\BOOKMARK [2][-]{subsection.4.4}{两个随机变量的函数的分布}{section.4}% 19
\BOOKMARK [2][-]{subsection.4.5}{Multivariate\040Distributions}{section.4}% 20
