\BOOKMARK [1][-]{section.1}{Legendre Polynomials}{}% 1
\BOOKMARK [2][-]{subsection.1.1}{Recurrence Formulas}{section.1}% 2
\BOOKMARK [2][-]{subsection.1.2}{Upper and Lower Bounds for Pn \(cos\)}{section.1}% 3
\BOOKMARK [2][-]{subsection.1.3}{Rodrigues Formula}{section.1}% 4
\BOOKMARK [1][-]{section.2}{Orthogonality}{}% 5
\BOOKMARK [2][-]{subsection.2.1}{Legendre Series}{section.2}% 6
\BOOKMARK [1][-]{section.3}{Physical Interpretation of Generating Function}{}% 7
\BOOKMARK [2][-]{subsection.3.1}{Expansion of 1/|bold0mu mumu rrunitsrrrr1 - bold0mu mumu rrunitsrrrr2|}{section.3}% 8
\BOOKMARK [2][-]{subsection.3.2}{Electric Multipoles}{section.3}% 9
\BOOKMARK [1][-]{section.4}{Associated Legendre Equation}{}% 10
\BOOKMARK [2][-]{subsection.4.1}{Associated Legendre Polynomials}{section.4}% 11
\BOOKMARK [2][-]{subsection.4.2}{Associated Legendre Functions}{section.4}% 12
\BOOKMARK [2][-]{subsection.4.3}{Parity and Special Values}{section.4}% 13
\BOOKMARK [2][-]{subsection.4.4}{Orthogonality}{section.4}% 14
\BOOKMARK [1][-]{section.5}{Spherical Harmonics}{}% 15
\BOOKMARK [2][-]{subsection.5.1}{Cartesian Representations}{section.5}% 16
\BOOKMARK [2][-]{subsection.5.2}{Overall Solutions}{section.5}% 17
\BOOKMARK [2][-]{subsection.5.3}{Laplace Expansion}{section.5}% 18
\BOOKMARK [2][-]{subsection.5.4}{Symmetry of Solutions}{section.5}% 19
\BOOKMARK [2][-]{subsection.5.5}{Further Properties}{section.5}% 20
\BOOKMARK [1][-]{section.6}{Legendre polynomials and Legendre functions}{}% 21
