\BOOKMARK [1][-]{section.1}{ROOT\040Basics}{}% 1
\BOOKMARK [2][-]{subsection.1.1}{Learn\040C++\040at\040the\040ROOT\040prompt}{section.1}% 2
\BOOKMARK [2][-]{subsection.1.2}{ROOT\040as\040function\040plotter}{section.1}% 3
\BOOKMARK [2][-]{subsection.1.3}{Controlling\040ROOT}{section.1}% 4
\BOOKMARK [2][-]{subsection.1.4}{Plotting\040Measurements}{section.1}% 5
\BOOKMARK [2][-]{subsection.1.5}{Histograms\040in\040ROOT}{section.1}% 6
\BOOKMARK [2][-]{subsection.1.6}{Interactive\040ROOT}{section.1}% 7
\BOOKMARK [2][-]{subsection.1.7}{ROOT Beginners’ FAQ}{section.1}% 8
\BOOKMARK [3][-]{subsubsection.1.7.1}{ROOT\040Global\040Pointers}{subsection.1.7}% 9
\BOOKMARK [1][-]{section.2}{ROOT\040Macros}{}% 10
\BOOKMARK [2][-]{subsection.2.1}{A\040more\040complete\040example}{section.2}% 11
\BOOKMARK [2][-]{subsection.2.2}{Summary\040of\040Visual\040e!ects}{section.2}% 12
\BOOKMARK [2][-]{subsection.2.3}{Interpretation\040and\040Compilation}{section.2}% 13
\BOOKMARK [3][-]{subsubsection.2.3.1}{Compile\040a\040Macro\040with\040ACLiC}{subsection.2.3}% 14
\BOOKMARK [3][-]{subsubsection.2.3.2}{Compile\040a\040Macro\040with\040the\040Compiler}{subsection.2.3}% 15
\BOOKMARK [1][-]{section.3}{Graphs}{}% 16
\BOOKMARK [1][-]{section.4}{Histograms}{}% 17
\BOOKMARK [2][-]{subsection.4.1}{Creating\040Histograms}{section.4}% 18
\BOOKMARK [3][-]{subsubsection.4.1.1}{Constant\040or\040Variable\040Bin\040Width}{subsection.4.1}% 19
\BOOKMARK [2][-]{subsection.4.2}{Bin\040Numbering}{section.4}% 20
\BOOKMARK [2][-]{subsection.4.3}{Filling\040Histograms}{section.4}% 21
\BOOKMARK [2][-]{subsection.4.4}{Random\040Numbers\040and\040Histograms}{section.4}% 22
\BOOKMARK [2][-]{subsection.4.5}{Adding,\040Dividing,\040and\040Multiplying}{section.4}% 23
\BOOKMARK [2][-]{subsection.4.6}{Projections}{section.4}% 24
\BOOKMARK [2][-]{subsection.4.7}{Drawing\040Histograms}{section.4}% 25
\BOOKMARK [2][-]{subsection.4.8}{Making\040a\040Copy\040of\040an\040Histogram}{section.4}% 26
\BOOKMARK [2][-]{subsection.4.9}{Normalizing\040Histograms}{section.4}% 27
\BOOKMARK [2][-]{subsection.4.10}{Saving/Reading\040Histograms\040to/from\040a\040File}{section.4}% 28
\BOOKMARK [2][-]{subsection.4.11}{Miscellaneous\040Operations}{section.4}% 29
\BOOKMARK [3][-]{subsubsection.4.11.1}{2\040test}{subsection.4.11}% 30
\BOOKMARK [3][-]{subsubsection.4.11.2}{Kolmogorov–Smirnov test}{subsection.4.11}% 31
\BOOKMARK [2][-]{subsection.4.12}{Alphanumeric\040Bin\040Labels}{section.4}% 32
\BOOKMARK [2][-]{subsection.4.13}{Histogram\040Stacks}{section.4}% 33
\BOOKMARK [1][-]{section.5}{Functions\040and\040Parameter\040Estimation}{}% 34
\BOOKMARK [1][-]{section.6}{File\040I/O\040and\040Parallel\040Analysis}{}% 35
\BOOKMARK [2][-]{subsection.6.1}{N-tuples\040in\040ROOT}{section.6}% 36
\BOOKMARK [3][-]{subsubsection.6.1.1}{Storing\040simple\040N-tuples}{subsection.6.1}% 37
\BOOKMARK [3][-]{subsubsection.6.1.2}{Reading\040N-tuples}{subsection.6.1}% 38
\BOOKMARK [3][-]{subsubsection.6.1.3}{Storing\040Arbitrary\040N-tuples}{subsection.6.1}% 39
\BOOKMARK [3][-]{subsubsection.6.1.4}{Processing\040N-tuples\040Spanning\040over\040Several\040Files}{subsection.6.1}% 40
\BOOKMARK [3][-]{subsubsection.6.1.5}{For\040the\040advanced\040user:\040Processing\040trees\040with\040a\040selector\040script}{subsection.6.1}% 41
\BOOKMARK [3][-]{subsubsection.6.1.6}{For\040power-users:\040Multi-core\040processing\040with\040PROOF\040lite}{subsection.6.1}% 42
\BOOKMARK [3][-]{subsubsection.6.1.7}{Optimisation\040Regarding\040N-tuples}{subsection.6.1}% 43
\BOOKMARK [2][-]{subsection.6.2}{The\040Physical\040Layout\040of\040ROOT\040Files}{section.6}% 44
\BOOKMARK [3][-]{subsubsection.6.2.1}{The\040File\040Header}{subsection.6.2}% 45
\BOOKMARK [3][-]{subsubsection.6.2.2}{The\040Top\040Directory\040Description}{subsection.6.2}% 46
\BOOKMARK [3][-]{subsubsection.6.2.3}{The\040Histogram\040Records}{subsection.6.2}% 47
\BOOKMARK [3][-]{subsubsection.6.2.4}{The\040Class\040Description\040List\040\(StreamerInfo\040List\)}{subsection.6.2}% 48
\BOOKMARK [3][-]{subsubsection.6.2.5}{The\040List\040of\040Keys\040and\040the\040List\040of\040Free\040Blocks}{subsection.6.2}% 49
\BOOKMARK [3][-]{subsubsection.6.2.6}{File\040Recovery}{subsection.6.2}% 50
\BOOKMARK [2][-]{subsection.6.3}{The\040Logical\040ROOT\040File:\040TFile\040and\040TKey}{section.6}% 51
\BOOKMARK [3][-]{subsubsection.6.3.1}{Viewing\040the\040Logical\040File\040Contents}{subsection.6.3}% 52
\BOOKMARK [3][-]{subsubsection.6.3.2}{The\040Current\040Directory}{subsection.6.3}% 53
\BOOKMARK [3][-]{subsubsection.6.3.3}{Objects\040in\040Memory\040and\040Objects\040on\040Disk}{subsection.6.3}% 54
\BOOKMARK [3][-]{subsubsection.6.3.4}{Saving\040Histograms\040to\040Disk}{subsection.6.3}% 55
\BOOKMARK [3][-]{subsubsection.6.3.5}{Histograms\040and\040the\040Current\040Directory}{subsection.6.3}% 56
\BOOKMARK [3][-]{subsubsection.6.3.6}{Saving\040Objects\040to\040Disk}{subsection.6.3}% 57
\BOOKMARK [3][-]{subsubsection.6.3.7}{Saving\040Collections\040to\040Disk}{subsection.6.3}% 58
\BOOKMARK [3][-]{subsubsection.6.3.8}{A\040TFile\040Object\040Going\040Out\040of\040Scope}{subsection.6.3}% 59
\BOOKMARK [3][-]{subsubsection.6.3.9}{Retrieving\040Objects\040from\040Disk}{subsection.6.3}% 60
\BOOKMARK [3][-]{subsubsection.6.3.10}{Subdirectories\040and\040Navigation}{subsection.6.3}% 61
\BOOKMARK [1][-]{section.7}{Trees}{}% 62
\BOOKMARK [2][-]{subsection.7.1}{A\040Simple\040TTree}{section.7}% 63
\BOOKMARK [2][-]{subsection.7.2}{Show\040an\040Entry\040with\040TTree::Show}{section.7}% 64
\BOOKMARK [2][-]{subsection.7.3}{Print\040the\040Tree\040Structure\040with\040TTree::Print}{section.7}% 65
\BOOKMARK [2][-]{subsection.7.4}{Scan\040a\040Variable\040the\040Tree\040with\040TTree::Scan}{section.7}% 66
\BOOKMARK [2][-]{subsection.7.5}{The\040Tree\040Viewer}{section.7}% 67
\BOOKMARK [2][-]{subsection.7.6}{Creating\040and\040Saving\040Trees}{section.7}% 68
\BOOKMARK [3][-]{subsubsection.7.6.1}{Creating\040a\040Tree\040from\040a\040Folder\040Hierarchy}{subsection.7.6}% 69
\BOOKMARK [3][-]{subsubsection.7.6.2}{Tree\040and\040TRef\040Objects}{subsection.7.6}% 70
\BOOKMARK [3][-]{subsubsection.7.6.3}{Autosave}{subsection.7.6}% 71
\BOOKMARK [3][-]{subsubsection.7.6.4}{Trees\040with\040Circular\040Buffers}{subsection.7.6}% 72
\BOOKMARK [3][-]{subsubsection.7.6.5}{Size\040of\040TTree\040in\040the\040File}{subsection.7.6}% 73
\BOOKMARK [3][-]{subsubsection.7.6.6}{User\040Info\040Attached\040to\040a\040TTree\040Object}{subsection.7.6}% 74
\BOOKMARK [3][-]{subsubsection.7.6.7}{Indexing\040a\040Tree}{subsection.7.6}% 75
\BOOKMARK [2][-]{subsection.7.7}{Branches}{section.7}% 76
\BOOKMARK [2][-]{subsection.7.8}{Adding\040a\040Branch\040to\040Hold\040a\040List\040of\040Variables}{section.7}% 77
\BOOKMARK [2][-]{subsection.7.9}{Adding\040a\040TBranch\040to\040Hold\040an\040Object}{section.7}% 78
\BOOKMARK [3][-]{subsubsection.7.9.1}{Setting\040the\040Split-level}{subsection.7.9}% 79
\BOOKMARK [3][-]{subsubsection.7.9.2}{Exempt\040a\040Data\040Member\040from\040Splitting}{subsection.7.9}% 80
\BOOKMARK [3][-]{subsubsection.7.9.3}{Adding\040a\040Branch\040to\040Hold\040a\040TClonesArray}{subsection.7.9}% 81
\BOOKMARK [3][-]{subsubsection.7.9.4}{Identical\040Branch\040Names}{subsection.7.9}% 82
\BOOKMARK [2][-]{subsection.7.10}{Adding\040a\040Branch\040with\040a\040Folder}{section.7}% 83
\BOOKMARK [2][-]{subsection.7.11}{Adding\040a\040Branch\040with\040a\040Collection}{section.7}% 84
\BOOKMARK [1][-]{section.8}{ROOT\040in\040Python}{}% 85
\BOOKMARK [1][-]{section.9}{Concluding\040Remarks}{}% 86
