\BOOKMARK [1][-]{section.1}{Finite Differences and Truncated Taylor Series}{}% 1
\BOOKMARK [2][-]{subsection.1.1}{First derivative approximations}{section.1}% 2
\BOOKMARK [2][-]{subsection.1.2}{Second derivative}{section.1}% 3
\BOOKMARK [2][-]{subsection.1.3}{Partial derivatives}{section.1}% 4
\BOOKMARK [1][-]{section.2}{Heat Equation}{}% 5
\BOOKMARK [2][-]{subsection.2.1}{Homogeneous Problems}{section.2}% 6
\BOOKMARK [2][-]{subsection.2.2}{Separation of Variables}{section.2}% 7
\BOOKMARK [2][-]{subsection.2.3}{Fourier-von Neumann Stability Analysis}{section.2}% 8
\BOOKMARK [2][-]{subsection.2.4}{Matrix Notation}{section.2}% 9
\BOOKMARK [2][-]{subsection.2.5}{Nonhomogeneous Problems}{section.2}% 10
\BOOKMARK [2][-]{subsection.2.6}{Other Numerical Schemes}{section.2}% 11
\BOOKMARK [3][-]{subsubsection.2.6.1}{Richardson's scheme}{subsection.2.6}% 12
\BOOKMARK [3][-]{subsubsection.2.6.2}{Crank-Nicolson scheme}{subsection.2.6}% 13
\BOOKMARK [2][-]{subsection.2.7}{Other Types of Boundary Condition}{section.2}% 14
\BOOKMARK [2][-]{subsection.2.8}{Two-Dimensional Heat Equation}{section.2}% 15
\BOOKMARK [1][-]{section.3}{Partial Differential Equations}{}% 16
\BOOKMARK [1][-]{section.4}{Initial Value Problems}{}% 17
\BOOKMARK [2][-]{subsection.4.1}{Flux-Conservative Initial Value Problems}{section.4}% 18
\BOOKMARK [2][-]{subsection.4.2}{von Neumann Stability Analysis}{section.4}% 19
\BOOKMARK [3][-]{subsubsection.4.2.1}{Lax Method}{subsection.4.2}% 20
\BOOKMARK [3][-]{subsubsection.4.2.2}{Other Varieties of Error}{subsection.4.2}% 21
\BOOKMARK [3][-]{subsubsection.4.2.3}{Second-Order Accuracy in Time}{subsection.4.2}% 22
\BOOKMARK [2][-]{subsection.4.3}{Fluid Dynamics with Shocks}{section.4}% 23
\BOOKMARK [2][-]{subsection.4.4}{Diffusive Initial Value Problems}{section.4}% 24
\BOOKMARK [3][-]{subsubsection.4.4.1}{Schr\366dinger Equation}{subsection.4.4}% 25
\BOOKMARK [2][-]{subsection.4.5}{Initial Value Problems in Multidimensions}{section.4}% 26
\BOOKMARK [3][-]{subsubsection.4.5.1}{Lax Method for a Flux-Conservative Equation}{subsection.4.5}% 27
\BOOKMARK [3][-]{subsubsection.4.5.2}{Diffusion Equation in Multidimensions}{subsection.4.5}% 28
\BOOKMARK [3][-]{subsubsection.4.5.3}{Operator Splitting Methods Generally}{subsection.4.5}% 29
\BOOKMARK [1][-]{section.5}{Boundary Value Problems}{}% 30
