\BOOKMARK [1][-]{section.1}{The interstellar medium in the life cycle of stars}{}% 1
\BOOKMARK [1][-]{section.2}{neutral interstellar gas}{}% 2
\BOOKMARK [2][-]{subsection.2.1}{Neutral hydrogen : 21-cm line emission and absorption}{section.2}% 3
\BOOKMARK [2][-]{subsection.2.2}{Molecular radio lines}{section.2}% 4
\BOOKMARK [2][-]{subsection.2.3}{Optical and ultra violet absorption lines}{section.2}% 5
\BOOKMARK [2][-]{subsection.2.4}{X-ray absorption}{section.2}% 6
\BOOKMARK [1][-]{section.3}{Ionised interstellar gas}{}% 7
\BOOKMARK [2][-]{subsection.3.1}{Thermal bremsstrahlung}{section.3}% 8
\BOOKMARK [2][-]{subsection.3.2}{Permitted and forbidden transitions in gaseous nebulae}{section.3}% 9
\BOOKMARK [2][-]{subsection.3.3}{The dispersion measure of pulsars}{section.3}% 10
\BOOKMARK [2][-]{subsection.3.4}{Faraday rotation of linearly polarised radio signals}{section.3}% 11
\BOOKMARK [1][-]{section.4}{Interstellar dust}{}% 12
\BOOKMARK [1][-]{section.5}{An overall picture of the interstellar gas}{}% 13
\BOOKMARK [2][-]{subsection.5.1}{Large scaled ynamics}{section.5}% 14
\BOOKMARK [2][-]{subsection.5.2}{Heating mechanisms}{section.5}% 15
\BOOKMARK [2][-]{subsection.5.3}{Cooling mechanisms}{section.5}% 16
\BOOKMARK [2][-]{subsection.5.4}{The overall state of the interstellar gas}{section.5}% 17
\BOOKMARK [1][-]{section.6}{Star formation}{}% 18
\BOOKMARK [2][-]{subsection.6.1}{The initial mass function and the Schmidt–Kennicutt law}{section.6}% 19
\BOOKMARK [2][-]{subsection.6.2}{Regions of star formation}{section.6}% 20
\BOOKMARK [2][-]{subsection.6.3}{Issues in the theory of star formation}{section.6}% 21
\BOOKMARK [1][-]{section.7}{The Galactic magnetic field}{}% 22
\BOOKMARK [2][-]{subsection.7.1}{Faraday rotation in the interstellar medium}{section.7}% 23
\BOOKMARK [2][-]{subsection.7.2}{Optical polarisation of starlight}{section.7}% 24
\BOOKMARK [2][-]{subsection.7.3}{Radio emission of spinning dust grains}{section.7}% 25
\BOOKMARK [2][-]{subsection.7.4}{Zeeman splitting of 21-cm line radiation}{section.7}% 26
\BOOKMARK [2][-]{subsection.7.5}{The radio emission from the Galaxy}{section.7}% 27
\BOOKMARK [2][-]{subsection.7.6}{Summary of the information on the Galactic magnetic field}{section.7}% 28
