\BOOKMARK [1][-]{section.1}{Michelson-Morley实验}{}% 1
\BOOKMARK [1][-]{section.2}{stellar\040aberration}{}% 2
\BOOKMARK [1][-]{section.3}{牛顿力学回顾}{}% 3
\BOOKMARK [1][-]{section.4}{相对性原理}{}% 4
\BOOKMARK [1][-]{section.5}{基本假设}{}% 5
\BOOKMARK [1][-]{section.6}{时间的相对性}{}% 6
\BOOKMARK [1][-]{section.7}{长度的相对性}{}% 7
\BOOKMARK [1][-]{section.8}{四维时空间隔}{}% 8
\BOOKMARK [1][-]{section.9}{闵可夫斯基空间}{}% 9
\BOOKMARK [1][-]{section.10}{洛伦兹变换、坐标变换}{}% 10
\BOOKMARK [1][-]{section.11}{速度变换}{}% 11
\BOOKMARK [1][-]{section.12}{加速度变换}{}% 12
\BOOKMARK [1][-]{section.13}{多普勒效应}{}% 13
\BOOKMARK [2][-]{subsection.13.1}{非相对论情况}{section.13}% 14
\BOOKMARK [3][-]{subsubsection.13.1.1}{波源静止，观察者运动}{subsection.13.1}% 15
\BOOKMARK [3][-]{subsubsection.13.1.2}{波源运动，观察者静止}{subsection.13.1}% 16
\BOOKMARK [3][-]{subsubsection.13.1.3}{波源、观察者均运动}{subsection.13.1}% 17
\BOOKMARK [2][-]{subsection.13.2}{相对论情况}{section.13}% 18
\BOOKMARK [1][-]{section.14}{四维矢量}{}% 19
\BOOKMARK [2][-]{subsection.14.1}{Relativistic\040Doppler\040Factor}{section.14}% 20
\BOOKMARK [1][-]{section.15}{习题}{}% 21
