\BOOKMARK [1][-]{section.1}{Motion in a Uniform, Static Magnetic Field}{}% 1
\BOOKMARK [1][-]{section.2}{Method of Averaging}{}% 2
\BOOKMARK [1][-]{section.3}{Guiding Center Motion}{}% 3
\BOOKMARK [1][-]{section.4}{Motion in Orthogonal Electric and Magnetic Fields}{}% 4
\BOOKMARK [2][-]{subsection.4.1}{Polarization Drift}{section.4}% 5
\BOOKMARK [2][-]{subsection.4.2}{Electric Drift Correction}{section.4}% 6
\BOOKMARK [1][-]{section.5}{Motion in Slowly Variable Magnetic Fields}{}% 7
\BOOKMARK [2][-]{subsection.5.1}{Charged Particle Orbits in the Presence of a Magnetic Fields with a Weak Gradient}{section.5}% 8
\BOOKMARK [2][-]{subsection.5.2}{Gradient Drift}{section.5}% 9
\BOOKMARK [2][-]{subsection.5.3}{General Force Drift}{section.5}% 10
\BOOKMARK [2][-]{subsection.5.4}{Curvature Drift}{section.5}% 11
\BOOKMARK [1][-]{section.6}{Adiabatic Invariants}{}% 12
\BOOKMARK [2][-]{subsection.6.1}{Magnetic Moment Conservation}{section.6}% 13
\BOOKMARK [2][-]{subsection.6.2}{Magnetic Mirrors and Magnetic Bottles}{section.6}% 14
\BOOKMARK [2][-]{subsection.6.3}{Adiabatic Heating}{section.6}% 15
\BOOKMARK [2][-]{subsection.6.4}{Longitudinal Invariant}{section.6}% 16
\BOOKMARK [2][-]{subsection.6.5}{Energy Anisotropy}{section.6}% 17
\BOOKMARK [2][-]{subsection.6.6}{Drift Invariant}{section.6}% 18
\BOOKMARK [2][-]{subsection.6.7}{Violation of Invariance}{section.6}% 19
\BOOKMARK [1][-]{section.7}{Poincar\351 Invariants}{}% 20
