\BOOKMARK [1][-]{section.1}{On the relation of gravitation to curvature}{}% 1
\BOOKMARK [2][-]{subsection.1.1}{The gravitational redshift experiment}{section.1}% 2
\BOOKMARK [2][-]{subsection.1.2}{Nonexistence of a Lorentz frame at rest on Earth}{section.1}% 3
\BOOKMARK [2][-]{subsection.1.3}{The principle of equivalence}{section.1}% 4
\BOOKMARK [2][-]{subsection.1.4}{The redshift experiment again}{section.1}% 5
\BOOKMARK [2][-]{subsection.1.5}{Tidal forces}{section.1}% 6
\BOOKMARK [2][-]{subsection.1.6}{The role of curvature}{section.1}% 7
\BOOKMARK [1][-]{section.2}{Tensor algebra in polar coordinates}{}% 8
\BOOKMARK [1][-]{section.3}{Tensor calculus in polar coordinates}{}% 9
\BOOKMARK [2][-]{subsection.3.1}{The Christoffel symbols}{section.3}% 10
\BOOKMARK [2][-]{subsection.3.2}{The covariant derivative}{section.3}% 11
\BOOKMARK [2][-]{subsection.3.3}{Divergence and Laplacian}{section.3}% 12
\BOOKMARK [2][-]{subsection.3.4}{Derivatives of one-forms and tensors of higher types}{section.3}% 13
\BOOKMARK [1][-]{section.4}{Christoffel symbols and the metric}{}% 14
\BOOKMARK [1][-]{section.5}{Noncoordinate bases}{}% 15
\BOOKMARK [1][-]{section.6}{Differentiable manifolds and tensors}{}% 16
\BOOKMARK [1][-]{section.7}{Riemannian manifolds}{}% 17
\BOOKMARK [2][-]{subsection.7.1}{Lengths and volumes}{section.7}% 18
\BOOKMARK [2][-]{subsection.7.2}{Proof of the local-flatness theorem}{section.7}% 19
\BOOKMARK [1][-]{section.8}{Covariant differentiation}{}% 20
\BOOKMARK [2][-]{subsection.8.1}{Divergence formula}{section.8}% 21
\BOOKMARK [1][-]{section.9}{Parallel-transport, geodesics, and curvature}{}% 22
\BOOKMARK [1][-]{section.10}{The curvature tensor}{}% 23
\BOOKMARK [1][-]{section.11}{Bianchi identities: Ricci and Einstein tensors}{}% 24
\BOOKMARK [2][-]{subsection.11.1}{The Ricci tensor}{section.11}% 25
